# JRE version: Java(TM) SE Runtime Environment (8.0_91-b14) (build 1.8.0_91-b14)
# Java VM: Java HotSpot(TM) 64-Bit Server VM (25.91-b14 mixed mode windows-amd64 compressed oops)
Heap:
 PSYoungGen      total 51200K, used 33341K [0x00000000d5f00000, 0x00000000e6000000, 0x0000000100000000)
  eden space 50688K, 65% used [0x00000000d5f00000,0x00000000d7f8f618,0x00000000d9080000)
  from space 512K, 0% used [0x00000000e5f80000,0x00000000e5f80000,0x00000000e6000000)
  to   space 512K, 0% used [0x00000000e5f00000,0x00000000e5f00000,0x00000000e5f80000)
 ParOldGen       total 87552K, used 533K [0x0000000081c00000, 0x0000000087180000, 0x00000000d5f00000)
  object space 87552K, 0% used [0x0000000081c00000,0x0000000081c85710,0x0000000087180000)
 Metaspace       used 2999K, capacity 4498K, committed 4864K, reserved 1056768K
  class space    used 324K, capacity 386K, committed 512K, reserved 1048576K
GC Heap History (10 events):
Event: 16.090 GC heap before
{Heap before GC invocations=114 (full 0):
 PSYoungGen      total 58880K, used 58299K [0x00000000d5f00000, 0x00000000e6000000, 0x0000000100000000)
  eden space 58368K, 99% used [0x00000000d5f00000,0x00000000d97eecc0,0x00000000d9800000)
  from space 512K, 0% used [0x00000000e5f00000,0x00000000e5f00000,0x00000000e5f80000)
  to   space 512K, 0% used [0x00000000e5f80000,0x00000000e5f80000,0x00000000e6000000)
 ParOldGen       total 87552K, used 533K [0x0000000081c00000, 0x0000000087180000, 0x00000000d5f00000)
  object space 87552K, 0% used [0x0000000081c00000,0x0000000081c85710,0x0000000087180000)
 Metaspace       used 2999K, capacity 4498K, committed 4864K, reserved 1056768K
  class space    used 324K, capacity 386K, committed 512K, reserved 1048576K
Event: 16.090 GC heap after
Heap after GC invocations=114 (full 0):
 PSYoungGen      total 57344K, used 0K [0x00000000d5f00000, 0x00000000e6000000, 0x0000000100000000)
  eden space 56832K, 0% used [0x00000000d5f00000,0x00000000d5f00000,0x00000000d9680000)
  from space 512K, 0% used [0x00000000e5f80000,0x00000000e5f80000,0x00000000e6000000)
  to   space 512K, 0% used [0x00000000e5f00000,0x00000000e5f00000,0x00000000e5f80000)
 ParOldGen       total 87552K, used 533K [0x0000000081c00000, 0x0000000087180000, 0x00000000d5f00000)
  object space 87552K, 0% used [0x0000000081c00000,0x0000000081c85710,0x0000000087180000)
 Metaspace       used 2999K, capacity 4498K, committed 4864K, reserved 1056768K
  class space    used 324K, capacity 386K, committed 512K, reserved 1048576K
}
Event: 16.137 GC heap before
{Heap before GC invocations=115 (full 0):
 PSYoungGen      total 57344K, used 56803K [0x00000000d5f00000, 0x00000000e6000000, 0x0000000100000000)
  eden space 56832K, 99% used [0x00000000d5f00000,0x00000000d9678f00,0x00000000d9680000)
  from space 512K, 0% used [0x00000000e5f80000,0x00000000e5f80000,0x00000000e6000000)
  to   space 512K, 0% used [0x00000000e5f00000,0x00000000e5f00000,0x00000000e5f80000)
 ParOldGen       total 87552K, used 533K [0x0000000081c00000, 0x0000000087180000, 0x00000000d5f00000)
  object space 87552K, 0% used [0x0000000081c00000,0x0000000081c85710,0x0000000087180000)
 Metaspace       used 2999K, capacity 4498K, committed 4864K, reserved 1056768K
  class space    used 324K, capacity 386K, committed 512K, reserved 1048576K
Event: 16.137 GC heap after
Heap after GC invocations=115 (full 0):
 PSYoungGen      total 55808K, used 0K [0x00000000d5f00000, 0x00000000e6000000, 0x0000000100000000)
  eden space 55296K, 0% used [0x00000000d5f00000,0x00000000d5f00000,0x00000000d9500000)
  from space 512K, 0% used [0x00000000e5f00000,0x00000000e5f00000,0x00000000e5f80000)
  to   space 512K, 0% used [0x00000000e5f80000,0x00000000e5f80000,0x00000000e6000000)
 ParOldGen       total 87552K, used 533K [0x0000000081c00000, 0x0000000087180000, 0x00000000d5f00000)
  object space 87552K, 0% used [0x0000000081c00000,0x0000000081c85710,0x0000000087180000)
 Metaspace       used 2999K, capacity 4498K, committed 4864K, reserved 1056768K
  class space    used 324K, capacity 386K, committed 512K, reserved 1048576K
}
Event: 16.182 GC heap before
{Heap before GC invocations=116 (full 0):
 PSYoungGen      total 55808K, used 55239K [0x00000000d5f00000, 0x00000000e6000000, 0x0000000100000000)
  eden space 55296K, 99% used [0x00000000d5f00000,0x00000000d94f1df0,0x00000000d9500000)
  from space 512K, 0% used [0x00000000e5f00000,0x00000000e5f00000,0x00000000e5f80000)
  to   space 512K, 0% used [0x00000000e5f80000,0x00000000e5f80000,0x00000000e6000000)
 ParOldGen       total 87552K, used 533K [0x0000000081c00000, 0x0000000087180000, 0x00000000d5f00000)
  object space 87552K, 0% used [0x0000000081c00000,0x0000000081c85710,0x0000000087180000)
 Metaspace       used 2999K, capacity 4498K, committed 4864K, reserved 1056768K
  class space    used 324K, capacity 386K, committed 512K, reserved 1048576K
Event: 16.183 GC heap after
Heap after GC invocations=116 (full 0):
 PSYoungGen      total 54272K, used 0K [0x00000000d5f00000, 0x00000000e6000000, 0x0000000100000000)
  eden space 53760K, 0% used [0x00000000d5f00000,0x00000000d5f00000,0x00000000d9380000)
  from space 512K, 0% used [0x00000000e5f80000,0x00000000e5f80000,0x00000000e6000000)
  to   space 512K, 0% used [0x00000000e5f00000,0x00000000e5f00000,0x00000000e5f80000)
 ParOldGen       total 87552K, used 533K [0x0000000081c00000, 0x0000000087180000, 0x00000000d5f00000)
  object space 87552K, 0% used [0x0000000081c00000,0x0000000081c85710,0x0000000087180000)
 Metaspace       used 2999K, capacity 4498K, committed 4864K, reserved 1056768K
  class space    used 324K, capacity 386K, committed 512K, reserved 1048576K
}
Event: 16.227 GC heap before
{Heap before GC invocations=117 (full 0):
 PSYoungGen      total 54272K, used 53717K [0x00000000d5f00000, 0x00000000e6000000, 0x0000000100000000)
  eden space 53760K, 99% used [0x00000000d5f00000,0x00000000d9375588,0x00000000d9380000)
  from space 512K, 0% used [0x00000000e5f80000,0x00000000e5f80000,0x00000000e6000000)
  to   space 512K, 0% used [0x00000000e5f00000,0x00000000e5f00000,0x00000000e5f80000)
 ParOldGen       total 87552K, used 533K [0x0000000081c00000, 0x0000000087180000, 0x00000000d5f00000)
  object space 87552K, 0% used [0x0000000081c00000,0x0000000081c85710,0x0000000087180000)
 Metaspace       used 2999K, capacity 4498K, committed 4864K, reserved 1056768K
  class space    used 324K, capacity 386K, committed 512K, reserved 1048576K
Event: 16.227 GC heap after
Heap after GC invocations=117 (full 0):
 PSYoungGen      total 52736K, used 0K [0x00000000d5f00000, 0x00000000e6000000, 0x0000000100000000)
  eden space 52224K, 0% used [0x00000000d5f00000,0x00000000d5f00000,0x00000000d9200000)
  from space 512K, 0% used [0x00000000e5f00000,0x00000000e5f00000,0x00000000e5f80000)
  to   space 512K, 0% used [0x00000000e5f80000,0x00000000e5f80000,0x00000000e6000000)
 ParOldGen       total 87552K, used 533K [0x0000000081c00000, 0x0000000087180000, 0x00000000d5f00000)
  object space 87552K, 0% used [0x0000000081c00000,0x0000000081c85710,0x0000000087180000)
 Metaspace       used 2999K, capacity 4498K, committed 4864K, reserved 1056768K
  class space    used 324K, capacity 386K, committed 512K, reserved 1048576K
}
Event: 16.270 GC heap before
{Heap before GC invocations=118 (full 0):
 PSYoungGen      total 52736K, used 52222K [0x00000000d5f00000, 0x00000000e6000000, 0x0000000100000000)
  eden space 52224K, 99% used [0x00000000d5f00000,0x00000000d91ffab0,0x00000000d9200000)
  from space 512K, 0% used [0x00000000e5f00000,0x00000000e5f00000,0x00000000e5f80000)
  to   space 512K, 0% used [0x00000000e5f80000,0x00000000e5f80000,0x00000000e6000000)
 ParOldGen       total 87552K, used 533K [0x0000000081c00000, 0x0000000087180000, 0x00000000d5f00000)
  object space 87552K, 0% used [0x0000000081c00000,0x0000000081c85710,0x0000000087180000)
 Metaspace       used 2999K, capacity 4498K, committed 4864K, reserved 1056768K
  class space    used 324K, capacity 386K, committed 512K, reserved 1048576K
Event: 16.270 GC heap after
Heap after GC invocations=118 (full 0):
 PSYoungGen      total 51200K, used 0K [0x00000000d5f00000, 0x00000000e6000000, 0x0000000100000000)
  eden space 50688K, 0% used [0x00000000d5f00000,0x00000000d5f00000,0x00000000d9080000)
  from space 512K, 0% used [0x00000000e5f80000,0x00000000e5f80000,0x00000000e6000000)
  to   space 512K, 0% used [0x00000000e5f00000,0x00000000e5f00000,0x00000000e5f80000)
 ParOldGen       total 87552K, used 533K [0x0000000081c00000, 0x0000000087180000, 0x00000000d5f00000)
  object space 87552K, 0% used [0x0000000081c00000,0x0000000081c85710,0x0000000087180000)
 Metaspace       used 2999K, capacity 4498K, committed 4864K, reserved 1056768K
  class space    used 324K, capacity 386K, committed 512K, reserved 1048576K
}

